<?xml version="1.0" encoding="UTF-8"?>
<testng-results ignored="0" total="1" passed="1" failed="0" skipped="0">
  <reporter-output>
  </reporter-output>
  <suite started-at="2024-06-21T12:03:53 IST" name="Default suite" finished-at="2024-06-21T12:04:04 IST" duration-ms="11079">
    <groups>
    </groups>
    <test started-at="2024-06-21T12:03:53 IST" name="Default test" finished-at="2024-06-21T12:04:04 IST" duration-ms="11079">
      <class name="com.mypack.NewScript">
        <test-method is-config="true" signature="startUp()[pri:0, instance:com.mypack.NewScript@3527942a]" started-at="2024-06-21T12:03:53 IST" name="startUp" finished-at="2024-06-21T12:03:58 IST" duration-ms="4658" status="PASS">
          <reporter-output>
          </reporter-output>
        </test-method> <!-- startUp -->
        <test-method signature="script()[pri:0, instance:com.mypack.NewScript@3527942a]" started-at="2024-06-21T12:03:58 IST" name="script" finished-at="2024-06-21T12:04:04 IST" duration-ms="5947" status="PASS">
          <reporter-output>
          </reporter-output>
        </test-method> <!-- script -->
        <test-method is-config="true" signature="end()[pri:0, instance:com.mypack.NewScript@3527942a]" started-at="2024-06-21T12:04:04 IST" name="end" finished-at="2024-06-21T12:04:04 IST" duration-ms="380" status="PASS">
          <reporter-output>
          </reporter-output>
        </test-method> <!-- end -->
      </class> <!-- com.mypack.NewScript -->
    </test> <!-- Default test -->
  </suite> <!-- Default suite -->
</testng-results>
